========================================================================= 
Log Path: /Users/linc/Documents/GitHub/HaploQA_qtl2_comp/log/haplo_collabcross_data_scrape.log 
Program Path: /Users/linc/Documents/GitHub/HaploQA_qtl2_comp/haplocc_scape_test.R 
Working Directory: /Users/linc 
User Name: linc 
R Version: 4.2.1 (2022-06-23) 
Machine: MLI-JGM075.local x86_64 
[1] "Operating System: Darwin 19.6.0 Darwin Kernel Version 19.6.0: Mon Apr 18 21:50:40 PDT 2022; root:xnu-6153.141.62~1/RELEASE_X86_64"
[1] "Base Packages: stats graphics grDevices utils datasets methods base\nOther Packages: logr_1.3.1 data.table_1.14.2 dplyr_1.0.9 rstudioapi_0.13 tidyr_1.2.0\n                httr_1.4.3 rvest_1.0.2 "
Log Start Time: 2022-07-06 15:18:02 
========================================================================= 

Writing file 1/66: https://haploqa.jax.org/sample/5f56293b183b6a06dabbe5e2-snp-report.txt 

NOTE: Log Print Time:  2022-07-06 15:18:03 
NOTE: Elapsed Time: 0.847076892852783 secs 

Writing file 2/66: https://haploqa.jax.org/sample/5f56293d183b6a06dabbe5e3-snp-report.txt 

NOTE: Log Print Time:  2022-07-06 15:18:11 
NOTE: Elapsed Time: 7.69706201553345 secs 

Writing file 3/66: https://haploqa.jax.org/sample/5f56293e183b6a06dabbe5e4-snp-report.txt 

NOTE: Log Print Time:  2022-07-06 15:18:18 
NOTE: Elapsed Time: 7.16708016395569 secs 

Writing file 4/66: https://haploqa.jax.org/sample/5f562940183b6a06dabbe5e5-snp-report.txt 

NOTE: Log Print Time:  2022-07-06 15:18:25 
NOTE: Elapsed Time: 7.0939028263092 secs 

Writing file 5/66: https://haploqa.jax.org/sample/5f562941183b6a06dabbe5e6-snp-report.txt 

NOTE: Log Print Time:  2022-07-06 15:18:32 
NOTE: Elapsed Time: 7.22175216674805 secs 

Writing file 6/66: https://haploqa.jax.org/sample/5f562942183b6a06dabbe5e7-snp-report.txt 

NOTE: Log Print Time:  2022-07-06 15:18:39 
NOTE: Elapsed Time: 7.23037481307983 secs 

Writing file 7/66: https://haploqa.jax.org/sample/5f562944183b6a06dabbe5e8-snp-report.txt 

NOTE: Log Print Time:  2022-07-06 15:18:47 
NOTE: Elapsed Time: 7.21784520149231 secs 

Writing file 8/66: https://haploqa.jax.org/sample/5f562945183b6a06dabbe5e9-snp-report.txt 

NOTE: Log Print Time:  2022-07-06 15:18:54 
NOTE: Elapsed Time: 7.07086491584778 secs 

Writing file 9/66: https://haploqa.jax.org/sample/5f562947183b6a06dabbe5ea-snp-report.txt 

NOTE: Log Print Time:  2022-07-06 15:19:01 
NOTE: Elapsed Time: 7.12810397148132 secs 

Writing file 10/66: https://haploqa.jax.org/sample/5f562948183b6a06dabbe5eb-snp-report.txt 

NOTE: Log Print Time:  2022-07-06 15:19:08 
NOTE: Elapsed Time: 7.07216095924377 secs 

Writing file 11/66: https://haploqa.jax.org/sample/5f56294a183b6a06dabbe5ec-snp-report.txt 

NOTE: Log Print Time:  2022-07-06 15:19:15 
NOTE: Elapsed Time: 7.14210200309753 secs 

Writing file 12/66: https://haploqa.jax.org/sample/5f56294b183b6a06dabbe5ed-snp-report.txt 

NOTE: Log Print Time:  2022-07-06 15:19:22 
NOTE: Elapsed Time: 7.16040110588074 secs 

Writing file 13/66: https://haploqa.jax.org/sample/5f56294d183b6a06dabbe5ee-snp-report.txt 

NOTE: Log Print Time:  2022-07-06 15:19:29 
NOTE: Elapsed Time: 7.07479381561279 secs 

Writing file 14/66: https://haploqa.jax.org/sample/5f56294e183b6a06dabbe5ef-snp-report.txt 

NOTE: Log Print Time:  2022-07-06 15:19:36 
NOTE: Elapsed Time: 7.15790414810181 secs 

Writing file 15/66: https://haploqa.jax.org/sample/5f56294f183b6a06dabbe5f0-snp-report.txt 

NOTE: Log Print Time:  2022-07-06 15:19:44 
NOTE: Elapsed Time: 7.07718896865845 secs 

Writing file 16/66: https://haploqa.jax.org/sample/5f562951183b6a06dabbe5f1-snp-report.txt 

NOTE: Log Print Time:  2022-07-06 15:19:51 
NOTE: Elapsed Time: 7.15759611129761 secs 

Writing file 17/66: https://haploqa.jax.org/sample/5f562952183b6a06dabbe5f2-snp-report.txt 

NOTE: Log Print Time:  2022-07-06 15:20:00 
NOTE: Elapsed Time: 9.30838394165039 secs 

Writing file 18/66: https://haploqa.jax.org/sample/5f562954183b6a06dabbe5f3-snp-report.txt 

NOTE: Log Print Time:  2022-07-06 15:20:07 
NOTE: Elapsed Time: 7.13300585746765 secs 

Writing file 19/66: https://haploqa.jax.org/sample/5f562955183b6a06dabbe5f4-snp-report.txt 

NOTE: Log Print Time:  2022-07-06 15:20:14 
NOTE: Elapsed Time: 7.13543200492859 secs 

Writing file 20/66: https://haploqa.jax.org/sample/5f562957183b6a06dabbe5f5-snp-report.txt 

NOTE: Log Print Time:  2022-07-06 15:20:21 
NOTE: Elapsed Time: 7.17488718032837 secs 

Writing file 21/66: https://haploqa.jax.org/sample/5f562959183b6a06dabbe5f6-snp-report.txt 

NOTE: Log Print Time:  2022-07-06 15:20:29 
NOTE: Elapsed Time: 7.18669080734253 secs 

Writing file 22/66: https://haploqa.jax.org/sample/5f56295a183b6a06dabbe5f7-snp-report.txt 

NOTE: Log Print Time:  2022-07-06 15:20:36 
NOTE: Elapsed Time: 7.32727098464966 secs 

Writing file 23/66: https://haploqa.jax.org/sample/5f56295b183b6a06dabbe5f8-snp-report.txt 

NOTE: Log Print Time:  2022-07-06 15:20:43 
NOTE: Elapsed Time: 7.25583219528198 secs 

Writing file 24/66: https://haploqa.jax.org/sample/5f56295d183b6a06dabbe5f9-snp-report.txt 

NOTE: Log Print Time:  2022-07-06 15:20:51 
NOTE: Elapsed Time: 7.34083390235901 secs 

Writing file 25/66: https://haploqa.jax.org/sample/5f56295e183b6a06dabbe5fa-snp-report.txt 

NOTE: Log Print Time:  2022-07-06 15:20:58 
NOTE: Elapsed Time: 7.23764801025391 secs 

Writing file 26/66: https://haploqa.jax.org/sample/5f562960183b6a06dabbe5fb-snp-report.txt 

NOTE: Log Print Time:  2022-07-06 15:21:05 
NOTE: Elapsed Time: 7.43499112129211 secs 

Writing file 27/66: https://haploqa.jax.org/sample/5f562961183b6a06dabbe5fc-snp-report.txt 

NOTE: Log Print Time:  2022-07-06 15:21:13 
NOTE: Elapsed Time: 7.57401490211487 secs 

Writing file 28/66: https://haploqa.jax.org/sample/5f562963183b6a06dabbe5fd-snp-report.txt 

NOTE: Log Print Time:  2022-07-06 15:21:20 
NOTE: Elapsed Time: 7.37258696556091 secs 

Writing file 29/66: https://haploqa.jax.org/sample/5f562964183b6a06dabbe5fe-snp-report.txt 

NOTE: Log Print Time:  2022-07-06 15:21:28 
NOTE: Elapsed Time: 7.42135000228882 secs 

Writing file 30/66: https://haploqa.jax.org/sample/5f562965183b6a06dabbe5ff-snp-report.txt 

NOTE: Log Print Time:  2022-07-06 15:21:35 
NOTE: Elapsed Time: 7.44658994674683 secs 

Writing file 31/66: https://haploqa.jax.org/sample/5f562967183b6a06dabbe600-snp-report.txt 

NOTE: Log Print Time:  2022-07-06 15:21:42 
NOTE: Elapsed Time: 7.44175910949707 secs 

Writing file 32/66: https://haploqa.jax.org/sample/5f562968183b6a06dabbe601-snp-report.txt 

NOTE: Log Print Time:  2022-07-06 15:21:50 
NOTE: Elapsed Time: 7.13503789901733 secs 

Writing file 33/66: https://haploqa.jax.org/sample/5f56296a183b6a06dabbe602-snp-report.txt 

NOTE: Log Print Time:  2022-07-06 15:21:57 
NOTE: Elapsed Time: 7.16726803779602 secs 

Writing file 34/66: https://haploqa.jax.org/sample/5f56296b183b6a06dabbe603-snp-report.txt 

NOTE: Log Print Time:  2022-07-06 15:22:04 
NOTE: Elapsed Time: 7.19521713256836 secs 

Writing file 35/66: https://haploqa.jax.org/sample/5f56296d183b6a06dabbe604-snp-report.txt 

NOTE: Log Print Time:  2022-07-06 15:22:11 
NOTE: Elapsed Time: 7.15109896659851 secs 

Writing file 36/66: https://haploqa.jax.org/sample/5f56296e183b6a06dabbe605-snp-report.txt 

NOTE: Log Print Time:  2022-07-06 15:22:18 
NOTE: Elapsed Time: 7.1656608581543 secs 

Writing file 37/66: https://haploqa.jax.org/sample/5f56296f183b6a06dabbe606-snp-report.txt 

NOTE: Log Print Time:  2022-07-06 15:22:25 
NOTE: Elapsed Time: 7.13248610496521 secs 

Writing file 38/66: https://haploqa.jax.org/sample/5f562971183b6a06dabbe607-snp-report.txt 

NOTE: Log Print Time:  2022-07-06 15:22:33 
NOTE: Elapsed Time: 7.15812802314758 secs 

Writing file 39/66: https://haploqa.jax.org/sample/5f562972183b6a06dabbe608-snp-report.txt 

NOTE: Log Print Time:  2022-07-06 15:22:40 
NOTE: Elapsed Time: 7.08651089668274 secs 

Writing file 40/66: https://haploqa.jax.org/sample/5f562973183b6a06dabbe609-snp-report.txt 

NOTE: Log Print Time:  2022-07-06 15:22:47 
NOTE: Elapsed Time: 7.70660614967346 secs 

Writing file 41/66: https://haploqa.jax.org/sample/5f562975183b6a06dabbe60a-snp-report.txt 

NOTE: Log Print Time:  2022-07-06 15:22:54 
NOTE: Elapsed Time: 7.04883790016174 secs 

Writing file 42/66: https://haploqa.jax.org/sample/5f562976183b6a06dabbe60b-snp-report.txt 

NOTE: Log Print Time:  2022-07-06 15:23:01 
NOTE: Elapsed Time: 7.06809091567993 secs 

Writing file 43/66: https://haploqa.jax.org/sample/5f562977183b6a06dabbe60c-snp-report.txt 

NOTE: Log Print Time:  2022-07-06 15:23:09 
NOTE: Elapsed Time: 7.03847312927246 secs 

Writing file 44/66: https://haploqa.jax.org/sample/5f562979183b6a06dabbe60d-snp-report.txt 

NOTE: Log Print Time:  2022-07-06 15:23:16 
NOTE: Elapsed Time: 7.35614085197449 secs 

Writing file 45/66: https://haploqa.jax.org/sample/5f56297a183b6a06dabbe60e-snp-report.txt 

NOTE: Log Print Time:  2022-07-06 15:23:23 
NOTE: Elapsed Time: 7.33904409408569 secs 

Writing file 46/66: https://haploqa.jax.org/sample/5f56297b183b6a06dabbe60f-snp-report.txt 

NOTE: Log Print Time:  2022-07-06 15:23:31 
NOTE: Elapsed Time: 7.44033098220825 secs 

Writing file 47/66: https://haploqa.jax.org/sample/5f56297d183b6a06dabbe610-snp-report.txt 

NOTE: Log Print Time:  2022-07-06 15:23:38 
NOTE: Elapsed Time: 7.41410994529724 secs 

Writing file 48/66: https://haploqa.jax.org/sample/5f56297e183b6a06dabbe611-snp-report.txt 

NOTE: Log Print Time:  2022-07-06 15:23:45 
NOTE: Elapsed Time: 7.18108296394348 secs 

Writing file 49/66: https://haploqa.jax.org/sample/5f562980183b6a06dabbe612-snp-report.txt 

NOTE: Log Print Time:  2022-07-06 15:23:52 
NOTE: Elapsed Time: 7.16340708732605 secs 

Writing file 50/66: https://haploqa.jax.org/sample/5f562981183b6a06dabbe613-snp-report.txt 

NOTE: Log Print Time:  2022-07-06 15:24:00 
NOTE: Elapsed Time: 7.37431502342224 secs 

Writing file 51/66: https://haploqa.jax.org/sample/5f562982183b6a06dabbe614-snp-report.txt 

NOTE: Log Print Time:  2022-07-06 15:24:07 
NOTE: Elapsed Time: 7.11949396133423 secs 

Writing file 52/66: https://haploqa.jax.org/sample/5f562984183b6a06dabbe615-snp-report.txt 

NOTE: Log Print Time:  2022-07-06 15:24:15 
NOTE: Elapsed Time: 7.9023609161377 secs 

Writing file 53/66: https://haploqa.jax.org/sample/5f562985183b6a06dabbe616-snp-report.txt 

NOTE: Log Print Time:  2022-07-06 15:24:22 
NOTE: Elapsed Time: 7.6441650390625 secs 

Writing file 54/66: https://haploqa.jax.org/sample/5f562986183b6a06dabbe617-snp-report.txt 

NOTE: Log Print Time:  2022-07-06 15:24:30 
NOTE: Elapsed Time: 7.19179916381836 secs 

Writing file 55/66: https://haploqa.jax.org/sample/5f562988183b6a06dabbe618-snp-report.txt 

NOTE: Log Print Time:  2022-07-06 15:24:37 
NOTE: Elapsed Time: 7.62464380264282 secs 

Writing file 56/66: https://haploqa.jax.org/sample/5f562989183b6a06dabbe619-snp-report.txt 

NOTE: Log Print Time:  2022-07-06 15:24:46 
NOTE: Elapsed Time: 8.61702513694763 secs 

Writing file 57/66: https://haploqa.jax.org/sample/5f56298a183b6a06dabbe61a-snp-report.txt 

NOTE: Log Print Time:  2022-07-06 15:24:54 
NOTE: Elapsed Time: 7.86105108261108 secs 

Writing file 58/66: https://haploqa.jax.org/sample/5f56298c183b6a06dabbe61b-snp-report.txt 

NOTE: Log Print Time:  2022-07-06 15:25:03 
NOTE: Elapsed Time: 8.82775187492371 secs 

Writing file 59/66: https://haploqa.jax.org/sample/5f56298d183b6a06dabbe61c-snp-report.txt 

NOTE: Log Print Time:  2022-07-06 15:25:10 
NOTE: Elapsed Time: 7.22958397865295 secs 

Writing file 60/66: https://haploqa.jax.org/sample/5f56298e183b6a06dabbe61d-snp-report.txt 

NOTE: Log Print Time:  2022-07-06 15:25:17 
NOTE: Elapsed Time: 7.30345106124878 secs 

Writing file 61/66: https://haploqa.jax.org/sample/5f562990183b6a06dabbe61e-snp-report.txt 

NOTE: Log Print Time:  2022-07-06 15:25:25 
NOTE: Elapsed Time: 7.59257388114929 secs 

Writing file 62/66: https://haploqa.jax.org/sample/5f562991183b6a06dabbe61f-snp-report.txt 

NOTE: Log Print Time:  2022-07-06 15:25:32 
NOTE: Elapsed Time: 7.12097001075745 secs 

Writing file 63/66: https://haploqa.jax.org/sample/5f562992183b6a06dabbe620-snp-report.txt 

NOTE: Log Print Time:  2022-07-06 15:25:39 
NOTE: Elapsed Time: 7.11389708518982 secs 

Writing file 64/66: https://haploqa.jax.org/sample/5f562994183b6a06dabbe621-snp-report.txt 

NOTE: Log Print Time:  2022-07-06 15:25:46 
NOTE: Elapsed Time: 7.13917994499207 secs 

Writing file 65/66: https://haploqa.jax.org/sample/5f562995183b6a06dabbe622-snp-report.txt 

NOTE: Log Print Time:  2022-07-06 15:25:53 
NOTE: Elapsed Time: 7.18509602546692 secs 

Writing file 66/66: https://haploqa.jax.org/sample/5f562996183b6a06dabbe623-snp-report.txt 

NOTE: Log Print Time:  2022-07-06 15:26:00 
NOTE: Elapsed Time: 7.06656908988953 secs 

Total Runtime for data scraping: 8.07618304888407 minutes 

NOTE: Log Print Time:  2022-07-06 15:26:07 
NOTE: Elapsed Time: 6.24972486495972 secs 

Error in file(file, "rt") : cannot open the connection
 
Traceback: 
[1] "2: file(file, \"rt\")"                                      
[2] "1: read.table(paste0(data_dir, \"/\", file), header = TRUE)"

NOTE: Log Print Time:  2022-07-06 17:28:42 
NOTE: Elapsed Time: 2.04323471917046 hours 

[1] "Error in -data_files <- dir(data_dir, pattern = \"\\\\.txt$\", full.names = TRUE) : \n  could not find function \"-<-\"\n"
Traceback: 
No traceback available  

NOTE: Log Print Time:  2022-07-06 17:29:21 
NOTE: Elapsed Time: 38.2988510131836 secs 

[1] "Error in UseMethod(\"html_table\") : \n  no applicable method for 'html_table' applied to an object of class \"character\"\n"
Traceback: 
[1] "2: html_table(.)"                                                               
[2] "1: haploqa_cc_html %>% html_nodes(\".col-md-12\") %>% html_attr(\"class\") %>% "
[3] "       html_table()"                                                            

NOTE: Log Print Time:  2022-07-06 18:22:03 
NOTE: Elapsed Time: 52.7087814331055 mins 

[1] "Error in UseMethod(\"html_table\") : \n  no applicable method for 'html_table' applied to an object of class \"character\"\n"
Traceback: 
[1] "2: html_table(.)"                                                           
[2] "1: haploqa_cc_html %>% html_nodes(\".table\") %>% html_attr(\"class\") %>% "
[3] "       html_table()"                                                        

NOTE: Log Print Time:  2022-07-06 18:22:24 
NOTE: Elapsed Time: 21.327064037323 secs 

[1] "Error in as.data.frame.data.frame(sum_table, row.names = F) : \n  invalid 'row.names', length 1 for a data frame with 66 rows\n"
Traceback: 
[1] "3: stop(sprintf(ngettext(nr, \"invalid 'row.names', length %d for a data frame with %d row\", "
[2] "       \"invalid 'row.names', length %d for a data frame with %d rows\"), "                    
[3] "       length(row.names), nr), domain = NA)"                                                   
[4] "2: as.data.frame.data.frame(sum_table, row.names = F)"                                         
[5] "1: as.data.frame(sum_table, row.names = F)"                                                    

NOTE: Log Print Time:  2022-07-06 18:32:31 
NOTE: Elapsed Time: 10.101970966657 mins 

Error in paste0(data.dir, "/collaborative_cross_summary.csv") : 
  object 'data.dir' not found
 
Traceback: 
[1] "6: paste0(data.dir, \"/collaborative_cross_summary.csv\")"                                
[2] "5: utils::write.table(sum_table, paste0(data.dir, \"/collaborative_cross_summary.csv\"), "
[3] "       row.names = FALSE, col.names = TRUE, sep = \",\", dec = \".\", "                   
[4] "       qmethod = \"double\")"                                                             
[5] "4: eval(expr, p)"                                                                         
[6] "3: eval(expr, p)"                                                                         
[7] "2: eval.parent(Call)"                                                                     
[8] "1: write.csv(sum_table, paste0(data.dir, \"/collaborative_cross_summary.csv\"), "         
[9] "       row.names = FALSE)"                                                                

NOTE: Log Print Time:  2022-07-06 18:37:29 
NOTE: Elapsed Time: 4.9688573161761 mins 

Error in paste0(data.dir, "/collaborative_cross_summary.csv") : 
  object 'data.dir' not found
 
Traceback: 
1: paste0(data.dir, "/collaborative_cross_summary.csv") 

NOTE: Log Print Time:  2022-07-06 18:37:47 
NOTE: Elapsed Time: 18.07803606987 secs 

[1] "Error in fread(paste0(data_dir, \"collaborative_cross_summary.csv\")) : \n  File '/Users/linc/Documents/GitHub/HaploQA_qtl2_comp/haploqa_collaborative_crosscollaborative_cross_summary.csv' does not exist or is non-readable. getwd()=='/Users/linc'\n"
Traceback: 
[1] "2: stop(\"File '\", file, \"' does not exist or is non-readable. getwd()=='\", "
[2] "       getwd(), \"'\")"                                                         
[3] "1: fread(paste0(data_dir, \"collaborative_cross_summary.csv\"))"                

NOTE: Log Print Time:  2022-07-06 18:39:23 
NOTE: Elapsed Time: 1.60332488218943 mins 

Error in `[.data.frame`(df, df$snp_id == "UNC318619") : 
  undefined columns selected
 
Traceback: 
[1] "3: stop(\"undefined columns selected\")"          
[2] "2: `[.data.frame`(df, df$snp_id == \"UNC318619\")"
[3] "1: df[df$snp_id == \"UNC318619\"]"                

NOTE: Log Print Time:  2022-07-06 19:15:28 
NOTE: Elapsed Time: 36.0856202324231 mins 

Error: unexpected '=' in "test <- df[df$snp_id ="
 
Traceback: 
No traceback available  

NOTE: Log Print Time:  2022-07-06 19:19:14 
NOTE: Elapsed Time: 3.76509506702423 mins 

